

Started GET "/" for 127.0.0.1 at Fri May 13 13:39:29 +0800 2011
  Processing by PagesController#home as HTML
DEPRECATION WARNING: Base#after_initialize has been deprecated, please use Base.after_initialize :method instead. (called from /wilsonnger/rubygems/apps/spotcandy/app/models/candy.rb:10)
  [1m[36mSQL (106.7ms)[0m  [1mSHOW TABLES[0m
  [1m[35mCandy Load (49.5ms)[0m  SELECT `candies`.* FROM `candies` WHERE (score > 0 AND is_candy = true) ORDER BY created_at DESC LIMIT 30
DEPRECATION WARNING: Base#after_initialize has been deprecated, please use Base.after_initialize :method instead. (called from /wilsonnger/rubygems/apps/spotcandy/app/models/venue.rb:10)
  [1m[36mVenue Load (28.9ms)[0m  [1mSELECT `venues`.* FROM `venues` WHERE (`venues`.`id` IN (183,56,79,57,6897,15,60,50,6515,6900,178,20,146,98,5826,6981,269))[0m
  [1m[35mPhoto Load (28.4ms)[0m  SELECT `photos`.* FROM `photos` WHERE (`photos`.candy_id IN (2569,3870,1432,2509,110,199,6872,6191,5556,7114,8730,3866,4606,6887,9509,9510,9511,9512,9471,6434,1030,9280,9263,7362,3781,9238,3992,9208,7721,7988))
  [1m[36mPhoto Load (1.1ms)[0m  [1mSELECT `photos`.* FROM `photos` WHERE (`photos`.candy_id = 2509) AND (`photos`.`id` = 43) LIMIT 1[0m
  [1m[35mCACHE (0.0ms)[0m  SELECT `photos`.* FROM `photos` WHERE (`photos`.candy_id = 2509) AND (`photos`.`id` = 43) LIMIT 1
  [1m[36mPhoto Load (19.8ms)[0m  [1mSELECT `photos`.* FROM `photos` WHERE (`photos`.candy_id = 110) AND (`photos`.`id` = 520) LIMIT 1[0m
  [1m[35mCACHE (0.0ms)[0m  SELECT `photos`.* FROM `photos` WHERE (`photos`.candy_id = 110) AND (`photos`.`id` = 520) LIMIT 1
  [1m[36mPhoto Load (0.6ms)[0m  [1mSELECT `photos`.* FROM `photos` WHERE (`photos`.candy_id = 199) AND (`photos`.`id` = 35) LIMIT 1[0m
  [1m[35mCACHE (0.0ms)[0m  SELECT `photos`.* FROM `photos` WHERE (`photos`.candy_id = 199) AND (`photos`.`id` = 35) LIMIT 1
  [1m[36mPhoto Load (1.4ms)[0m  [1mSELECT `photos`.* FROM `photos` WHERE (`photos`.candy_id = 3866) AND (`photos`.`id` = 1178) LIMIT 1[0m
  [1m[35mCACHE (0.0ms)[0m  SELECT `photos`.* FROM `photos` WHERE (`photos`.candy_id = 3866) AND (`photos`.`id` = 1178) LIMIT 1
  [1m[36mPhoto Load (0.7ms)[0m  [1mSELECT `photos`.* FROM `photos` WHERE (`photos`.candy_id = 7362) AND (`photos`.`id` = 857) LIMIT 1[0m
  [1m[35mCACHE (0.0ms)[0m  SELECT `photos`.* FROM `photos` WHERE (`photos`.candy_id = 7362) AND (`photos`.`id` = 857) LIMIT 1
DEPRECATION WARNING: <% %> style block helpers are deprecated. Please use <%= %>. (called from _app_views_pages__grid_candies_html_erb___1715727607_2174339000_2358270 at /wilsonnger/rubygems/apps/spotcandy/app/views/pages/_grid_candies.html.erb:74)
Rendered pages/_login.html.erb (0.5ms)
Rendered windows/_photo_popup.html.erb (0.2ms)
Rendered pages/_grid_candies.html.erb (5.5ms)
Rendered pages/home.html.erb within layouts/mobile_home (1051.3ms)
Completed 200 OK in 1313ms (Views: 923.4ms | ActiveRecord: 239.1ms)


Started GET "/candies-grid?type=recent" for 127.0.0.1 at Fri May 13 13:39:32 +0800 2011
  Processing by CandiesController#grid as */*
  Parameters: {"type"=>"recent"}
DEPRECATION WARNING: Base#after_initialize has been deprecated, please use Base.after_initialize :method instead. (called from /wilsonnger/rubygems/apps/spotcandy/app/models/candy.rb:10)
  [1m[36mSQL (1.5ms)[0m  [1mSELECT COUNT(*) AS count_id FROM (SELECT 1 FROM `candies` WHERE (is_candy = true) LIMIT 15) AS subquery[0m
  [1m[35mCandy Load (12.2ms)[0m  SELECT `candies`.* FROM `candies` WHERE (is_candy = true) ORDER BY created_at DESC LIMIT 15
  [1m[36mSQL (1.9ms)[0m  [1mSELECT COUNT(*) AS count_id FROM (SELECT 1 FROM `photos` WHERE (`photos`.candy_id = 2509)) AS subquery[0m
  [1m[35mPhoto Load (0.8ms)[0m  SELECT `photos`.* FROM `photos` WHERE (`photos`.candy_id = 2509) AND (`photos`.`id` = 43) LIMIT 1
  [1m[36mCACHE (0.0ms)[0m  [1mSELECT `photos`.* FROM `photos` WHERE (`photos`.candy_id = 2509) AND (`photos`.`id` = 43) LIMIT 1[0m
  [1m[35mSQL (1.6ms)[0m  SELECT COUNT(*) AS count_id FROM (SELECT 1 FROM `photos` WHERE (`photos`.candy_id = 110)) AS subquery
  [1m[36mPhoto Load (0.5ms)[0m  [1mSELECT `photos`.* FROM `photos` WHERE (`photos`.candy_id = 110) AND (`photos`.`id` = 520) LIMIT 1[0m
  [1m[35mCACHE (0.0ms)[0m  SELECT `photos`.* FROM `photos` WHERE (`photos`.candy_id = 110) AND (`photos`.`id` = 520) LIMIT 1
  [1m[36mSQL (1.7ms)[0m  [1mSELECT COUNT(*) AS count_id FROM (SELECT 1 FROM `photos` WHERE (`photos`.candy_id = 199)) AS subquery[0m
  [1m[35mPhoto Load (0.6ms)[0m  SELECT `photos`.* FROM `photos` WHERE (`photos`.candy_id = 199) AND (`photos`.`id` = 35) LIMIT 1
  [1m[36mCACHE (0.0ms)[0m  [1mSELECT `photos`.* FROM `photos` WHERE (`photos`.candy_id = 199) AND (`photos`.`id` = 35) LIMIT 1[0m
  [1m[35mSQL (1.7ms)[0m  SELECT COUNT(*) AS count_id FROM (SELECT 1 FROM `photos` WHERE (`photos`.candy_id = 3866)) AS subquery
  [1m[36mPhoto Load (0.5ms)[0m  [1mSELECT `photos`.* FROM `photos` WHERE (`photos`.candy_id = 3866) AND (`photos`.`id` = 1178) LIMIT 1[0m
  [1m[35mCACHE (0.0ms)[0m  SELECT `photos`.* FROM `photos` WHERE (`photos`.candy_id = 3866) AND (`photos`.`id` = 1178) LIMIT 1
Rendered candies/grid.html.erb (165.8ms)
Completed 200 OK in 191ms (Views: 149.6ms | ActiveRecord: 24.3ms)


Started GET "/users/sign_in" for 127.0.0.1 at Fri May 13 13:39:35 +0800 2011
  Processing by SessionsController#new as HTML
Completed   in 225ms

NoMethodError (undefined method `respond_with_navigational' for #<SessionsController:0x103a1c260>):
  app/controllers/sessions_controller.rb:9:in `new'

Rendered /opt/local/lib/ruby/gems/1.8/gems/actionpack-3.0.1/lib/action_dispatch/middleware/templates/rescues/_trace.erb (1.6ms)
Rendered /opt/local/lib/ruby/gems/1.8/gems/actionpack-3.0.1/lib/action_dispatch/middleware/templates/rescues/_request_and_response.erb (390.5ms)
Rendered /opt/local/lib/ruby/gems/1.8/gems/actionpack-3.0.1/lib/action_dispatch/middleware/templates/rescues/diagnostics.erb within rescues/layout (400.6ms)


Started GET "/users/sign_in" for 127.0.0.1 at Fri May 13 13:43:18 +0800 2011
  Processing by SessionsController#new as HTML
Completed   in 203ms

NoMethodError (undefined method `respond_with_navigational' for #<SessionsController:0x1035d7678>):
  app/controllers/sessions_controller.rb:9:in `new'

Rendered /opt/local/lib/ruby/gems/1.8/gems/actionpack-3.0.1/lib/action_dispatch/middleware/templates/rescues/_trace.erb (0.9ms)
Rendered /opt/local/lib/ruby/gems/1.8/gems/actionpack-3.0.1/lib/action_dispatch/middleware/templates/rescues/_request_and_response.erb (337.7ms)
Rendered /opt/local/lib/ruby/gems/1.8/gems/actionpack-3.0.1/lib/action_dispatch/middleware/templates/rescues/diagnostics.erb within rescues/layout (344.5ms)


Started GET "/users/sign_in" for 127.0.0.1 at Fri May 13 13:43:56 +0800 2011
  Processing by SessionsController#new as HTML
Completed   in 39ms

ActionView::MissingTemplate (Missing template sessions/new with {:formats=>[:html], :locale=>[:en, :en], :handlers=>[:rxml, :erb, :builder, :rjs, :rhtml]} in view paths "/wilsonnger/rubygems/apps/spotcandy/app/views", "/opt/local/lib/ruby/gems/1.8/gems/devise-1.3.1/app/views"):
  app/controllers/sessions_controller.rb:9:in `new'
  app/controllers/sessions_controller.rb:9:in `new'

Rendered /opt/local/lib/ruby/gems/1.8/gems/actionpack-3.0.1/lib/action_dispatch/middleware/templates/rescues/missing_template.erb within rescues/layout (0.8ms)


Started GET "/users/sign_in" for 127.0.0.1 at Fri May 13 13:44:29 +0800 2011
  Processing by SessionsController#new as HTML
Rendered users/shared/_links.erb (1.5ms)
Rendered users/sessions/new.html.erb within layouts/mobile (16.0ms)
Completed 200 OK in 37ms (Views: 22.2ms | ActiveRecord: 30.7ms)


Started POST "/users/sign_in" for 127.0.0.1 at Fri May 13 13:44:36 +0800 2011
  Processing by SessionsController#create as HTML
  Parameters: {"commit"=>"Sign in", "authenticity_token"=>"Sz2BWKBEfVulB+3lwG7Skw87Rqq1ews+FL3KScy1kwA=", "utf8"=>"✓", "user"=>{"remember_me"=>"0", "password"=>"[FILTERED]", "email"=>"wilson@znapshop.com"}}
  [1m[36mUser Load (172.7ms)[0m  [1mSELECT `users`.* FROM `users` WHERE (`users`.`email` = 'wilson@znapshop.com') LIMIT 1[0m
Completed   in 288ms
  Processing by SessionsController#new as HTML
  Parameters: {"commit"=>"Sign in", "authenticity_token"=>"Sz2BWKBEfVulB+3lwG7Skw87Rqq1ews+FL3KScy1kwA=", "utf8"=>"✓", "user"=>{"remember_me"=>"0", "password"=>"[FILTERED]", "email"=>"wilson@znapshop.com"}}
Rendered users/shared/_links.erb (1.5ms)
Rendered users/sessions/new.html.erb within layouts/mobile (63.6ms)
Completed 200 OK in 151ms (Views: 69.7ms | ActiveRecord: 173.2ms)


Started POST "/users/sign_in" for 127.0.0.1 at Fri May 13 13:44:39 +0800 2011
  Processing by SessionsController#create as HTML
  Parameters: {"commit"=>"Sign in", "authenticity_token"=>"Sz2BWKBEfVulB+3lwG7Skw87Rqq1ews+FL3KScy1kwA=", "utf8"=>"✓", "user"=>{"remember_me"=>"0", "password"=>"[FILTERED]", "email"=>"wilson@znapshop.com"}}
  [1m[35mUser Load (52.2ms)[0m  SELECT `users`.* FROM `users` WHERE (`users`.`email` = 'wilson@znapshop.com') LIMIT 1
Completed   in 168ms
  Processing by SessionsController#new as HTML
  Parameters: {"commit"=>"Sign in", "authenticity_token"=>"Sz2BWKBEfVulB+3lwG7Skw87Rqq1ews+FL3KScy1kwA=", "utf8"=>"✓", "user"=>{"remember_me"=>"0", "password"=>"[FILTERED]", "email"=>"wilson@znapshop.com"}}
Rendered users/shared/_links.erb (1.4ms)
Rendered users/sessions/new.html.erb within layouts/mobile (9.7ms)
Completed 200 OK in 97ms (Views: 15.7ms | ActiveRecord: 52.6ms)
