

Started GET "/" for 127.0.0.1 at Tue Feb 01 15:00:41 +0800 2011
  Processing by PagesController#home as HTML
Rendered pages/home.html.erb within layouts/mobile (8.2ms)
Completed 200 OK in 15ms (Views: 14.6ms | ActiveRecord: 1.2ms)


Started GET "/javascripts/application.js?1295859926" for 127.0.0.1 at Tue Feb 01 15:00:41 +0800 2011

ActionController::RoutingError (No route matches "/javascripts/application.js"):
  

Rendered /Applications/rubystack/ruby/lib/ruby/gems/1.8/gems/actionpack-3.0.1/lib/action_dispatch/middleware/templates/rescues/routing_error.erb within rescues/layout (3.2ms)


Started GET "/javascripts/rails.js?1296375395" for 127.0.0.1 at Tue Feb 01 15:00:41 +0800 2011

ActionController::RoutingError (No route matches "/javascripts/rails.js"):
  

Rendered /Applications/rubystack/ruby/lib/ruby/gems/1.8/gems/actionpack-3.0.1/lib/action_dispatch/middleware/templates/rescues/routing_error.erb within rescues/layout (1.0ms)


Started GET "/stylesheets/style.css?1296542503" for 127.0.0.1 at Tue Feb 01 15:00:41 +0800 2011

ActionController::RoutingError (No route matches "/stylesheets/style.css"):
  

Rendered /Applications/rubystack/ruby/lib/ruby/gems/1.8/gems/actionpack-3.0.1/lib/action_dispatch/middleware/templates/rescues/routing_error.erb within rescues/layout (1.1ms)


Started GET "/stylesheets/mobile/1140.css?1296372538" for 127.0.0.1 at Tue Feb 01 15:00:42 +0800 2011

ActionController::RoutingError (No route matches "/stylesheets/mobile/1140.css"):
  

Rendered /Applications/rubystack/ruby/lib/ruby/gems/1.8/gems/actionpack-3.0.1/lib/action_dispatch/middleware/templates/rescues/routing_error.erb within rescues/layout (1.1ms)


Started GET "/javascripts/jquery.js?1296375363" for 127.0.0.1 at Tue Feb 01 15:00:42 +0800 2011

ActionController::RoutingError (No route matches "/javascripts/jquery.js"):
  

Rendered /Applications/rubystack/ruby/lib/ruby/gems/1.8/gems/actionpack-3.0.1/lib/action_dispatch/middleware/templates/rescues/routing_error.erb within rescues/layout (1.5ms)


Started GET "/" for 127.0.0.1 at Tue Feb 01 15:00:57 +0800 2011
  Processing by PagesController#home as HTML
Rendered pages/home.html.erb within layouts/mobile (5.6ms)
Completed 200 OK in 7ms (Views: 6.6ms | ActiveRecord: 0.4ms)


Started GET "/javascripts/jquery.js?1296375363" for 127.0.0.1 at Tue Feb 01 15:00:57 +0800 2011

ActionController::RoutingError (No route matches "/javascripts/jquery.js"):
  

Rendered /Applications/rubystack/ruby/lib/ruby/gems/1.8/gems/actionpack-3.0.1/lib/action_dispatch/middleware/templates/rescues/routing_error.erb within rescues/layout (1.1ms)


Started GET "/javascripts/application.js?1295859926" for 127.0.0.1 at Tue Feb 01 15:00:58 +0800 2011

ActionController::RoutingError (No route matches "/javascripts/application.js"):
  

Rendered /Applications/rubystack/ruby/lib/ruby/gems/1.8/gems/actionpack-3.0.1/lib/action_dispatch/middleware/templates/rescues/routing_error.erb within rescues/layout (1.1ms)


Started GET "/stylesheets/style.css?1296542503" for 127.0.0.1 at Tue Feb 01 15:00:58 +0800 2011

ActionController::RoutingError (No route matches "/stylesheets/style.css"):
  

Rendered /Applications/rubystack/ruby/lib/ruby/gems/1.8/gems/actionpack-3.0.1/lib/action_dispatch/middleware/templates/rescues/routing_error.erb within rescues/layout (1.4ms)


Started GET "/stylesheets/mobile/1140.css?1296372538" for 127.0.0.1 at Tue Feb 01 15:00:58 +0800 2011

ActionController::RoutingError (No route matches "/stylesheets/mobile/1140.css"):
  

Rendered /Applications/rubystack/ruby/lib/ruby/gems/1.8/gems/actionpack-3.0.1/lib/action_dispatch/middleware/templates/rescues/routing_error.erb within rescues/layout (1.2ms)


Started GET "/javascripts/rails.js?1296375395" for 127.0.0.1 at Tue Feb 01 15:00:58 +0800 2011

ActionController::RoutingError (No route matches "/javascripts/rails.js"):
  

Rendered /Applications/rubystack/ruby/lib/ruby/gems/1.8/gems/actionpack-3.0.1/lib/action_dispatch/middleware/templates/rescues/routing_error.erb within rescues/layout (1.4ms)


Started GET "/favicon.ico" for 127.0.0.1 at Tue Feb 01 15:00:58 +0800 2011

ActionController::RoutingError (No route matches "/favicon.ico"):
  

Rendered /Applications/rubystack/ruby/lib/ruby/gems/1.8/gems/actionpack-3.0.1/lib/action_dispatch/middleware/templates/rescues/routing_error.erb within rescues/layout (1.1ms)


Started GET "/favicon.ico" for 127.0.0.1 at Tue Feb 01 15:00:58 +0800 2011

ActionController::RoutingError (No route matches "/favicon.ico"):
  

Rendered /Applications/rubystack/ruby/lib/ruby/gems/1.8/gems/actionpack-3.0.1/lib/action_dispatch/middleware/templates/rescues/routing_error.erb within rescues/layout (1.0ms)


Started GET "/" for 127.0.0.1 at Tue Feb 01 15:01:08 +0800 2011
  Processing by PagesController#home as HTML
Rendered pages/home.html.erb within layouts/mobile (8.7ms)
Completed 200 OK in 16ms (Views: 15.1ms | ActiveRecord: 34.0ms)


Started GET "/search_candies" for 127.0.0.1 at Tue Feb 01 15:01:10 +0800 2011
  Processing by VenuesController#search as HTML
Completed   in 1ms


Started GET "/users/sign_in" for 127.0.0.1 at Tue Feb 01 15:01:10 +0800 2011
  Processing by Devise::SessionsController#new as HTML
Rendered users/shared/_links.erb (1.8ms)
Rendered users/sessions/new.html.erb within layouts/mobile (12.2ms)
Completed 200 OK in 65ms (Views: 18.3ms | ActiveRecord: 3.7ms)


Started GET "/users/sign_up" for 127.0.0.1 at Tue Feb 01 15:01:13 +0800 2011
  Processing by RegistrationsController#new as HTML
Rendered users/shared/_links.erb (0.5ms)
Rendered users/registrations/new.html.erb within layouts/mobile (8.5ms)
Completed 200 OK in 17ms (Views: 16.3ms | ActiveRecord: 2.4ms)


Started GET "/auth/foursquare" for 127.0.0.1 at Tue Feb 01 15:01:20 +0800 2011
  Processing by AuthenticationsController#index as HTML
  Parameters: {"provider"=>"foursquare"}
Redirected to https://foursquare.com/oauth2/authorize?response_type=code&client_id=SZRXZ35RWDYOUKV4Y3UHZ2KJD5KWNMCSREQRTUCOECGZMJK5&type=web_server&redirect_uri=http%3A%2F%2Fspotcandy.com.localhost%3A3000%2Fauth%2Ffoursquare%2Fcallback
Completed 302 Found in 2ms


Started GET "/auth/foursquare/callback?code=3C4ALSJZYJD2UAOQDXWH4I1YUKH0XMLNLWQTBXPXGAINIHXP" for 127.0.0.1 at Tue Feb 01 15:01:39 +0800 2011
  Processing by AuthenticationsController#callback as HTML
  Parameters: {"code"=>"3C4ALSJZYJD2UAOQDXWH4I1YUKH0XMLNLWQTBXPXGAINIHXP", "provider"=>"foursquare"}
Redirected to http://spotcandy.com.localhost:3000/users/sign_up
Completed 302 Found in 3893ms


Started GET "/users/sign_up" for 127.0.0.1 at Tue Feb 01 15:01:43 +0800 2011
  Processing by RegistrationsController#new as HTML
Rendered users/shared/_links.erb (0.5ms)
Rendered users/registrations/new.html.erb within layouts/mobile (9.2ms)
Completed 200 OK in 101ms (Views: 10.0ms | ActiveRecord: 30.2ms)


Started POST "/users" for 127.0.0.1 at Tue Feb 01 15:01:52 +0800 2011
  Processing by RegistrationsController#create as HTML
  Parameters: {"commit"=>"Sign up", "authenticity_token"=>"B7TLr/g3TxsIiS/LyL5WAWubBfDQ2v+yibv2Kwuy+7s=", "utf8"=>"✓", "user"=>{"password_confirmation"=>"[FILTERED]", "password"=>"[FILTERED]", "email"=>"ngerchuyang@gmail.com"}}
Redirected to http://spotcandy.com.localhost:3000/search_candies
Completed 302 Found in 72ms


Started GET "/search_candies" for 127.0.0.1 at Tue Feb 01 15:01:53 +0800 2011
  Processing by VenuesController#search as HTML
Completed   in 7ms

NoMethodError (undefined method `[]' for nil:NilClass):
  app/controllers/venues_controller.rb:151:in `search'

Rendered /Applications/rubystack/ruby/lib/ruby/gems/1.8/gems/actionpack-3.0.1/lib/action_dispatch/middleware/templates/rescues/_trace.erb (1.5ms)
Rendered /Applications/rubystack/ruby/lib/ruby/gems/1.8/gems/actionpack-3.0.1/lib/action_dispatch/middleware/templates/rescues/_request_and_response.erb (388.3ms)
Rendered /Applications/rubystack/ruby/lib/ruby/gems/1.8/gems/actionpack-3.0.1/lib/action_dispatch/middleware/templates/rescues/diagnostics.erb within rescues/layout (397.2ms)


Started GET "/" for 127.0.0.1 at Tue Feb 01 15:02:55 +0800 2011
  Processing by PagesController#home as HTML
Rendered pages/home.html.erb within layouts/mobile (6.4ms)
Completed 200 OK in 7ms (Views: 6.6ms | ActiveRecord: 1.0ms)


Started GET "/search_candies" for 127.0.0.1 at Tue Feb 01 15:02:58 +0800 2011
  Processing by VenuesController#search as HTML
Completed   in 4ms

NoMethodError (undefined method `[]' for nil:NilClass):
  app/controllers/venues_controller.rb:151:in `search'

Rendered /Applications/rubystack/ruby/lib/ruby/gems/1.8/gems/actionpack-3.0.1/lib/action_dispatch/middleware/templates/rescues/_trace.erb (1.5ms)
Rendered /Applications/rubystack/ruby/lib/ruby/gems/1.8/gems/actionpack-3.0.1/lib/action_dispatch/middleware/templates/rescues/_request_and_response.erb (384.9ms)
Rendered /Applications/rubystack/ruby/lib/ruby/gems/1.8/gems/actionpack-3.0.1/lib/action_dispatch/middleware/templates/rescues/diagnostics.erb within rescues/layout (466.2ms)


Started GET "/users/sign_out" for 127.0.0.1 at Tue Feb 01 15:03:04 +0800 2011
  Processing by Devise::SessionsController#destroy as HTML
Redirected to http://spotcandy.com.localhost:3000/
Completed 302 Found in 4ms


Started GET "/" for 127.0.0.1 at Tue Feb 01 15:03:05 +0800 2011
  Processing by PagesController#home as HTML
Rendered pages/home.html.erb within layouts/mobile (4.7ms)
Completed 200 OK in 6ms (Views: 5.5ms | ActiveRecord: 42.6ms)


Started GET "/users/sign_in" for 127.0.0.1 at Tue Feb 01 15:03:07 +0800 2011
  Processing by Devise::SessionsController#new as HTML
Rendered users/shared/_links.erb (0.5ms)
Rendered users/sessions/new.html.erb within layouts/mobile (7.5ms)
Completed 200 OK in 9ms (Views: 8.2ms | ActiveRecord: 2.1ms)


Started POST "/users/sign_in" for 127.0.0.1 at Tue Feb 01 15:03:13 +0800 2011
  Processing by Devise::SessionsController#create as HTML
  Parameters: {"commit"=>"Sign in", "authenticity_token"=>"kI3q1Pht6dSM1luYRQ77IHgJCIi5DHpDAQk1sknVYgc=", "utf8"=>"✓", "user"=>{"remember_me"=>"0", "password"=>"[FILTERED]", "email"=>"ngerchuyang@gmail.com"}}
Redirected to http://spotcandy.com.localhost:3000/
Completed 302 Found in 3294ms


Started GET "/" for 127.0.0.1 at Tue Feb 01 15:03:16 +0800 2011
  Processing by PagesController#home as HTML
Rendered pages/home.html.erb within layouts/mobile (5.5ms)
Completed 200 OK in 6ms (Views: 5.7ms | ActiveRecord: 260.6ms)


Started GET "/users/1" for 127.0.0.1 at Tue Feb 01 15:03:18 +0800 2011
  Processing by UsersController#show as HTML
  Parameters: {"id"=>"1"}
Rendered users/show.html.erb within layouts/mobile (4.5ms)
Completed 200 OK in 14ms (Views: 9.5ms | ActiveRecord: 2.9ms)


Started GET "/" for 127.0.0.1 at Tue Feb 01 15:03:20 +0800 2011
  Processing by PagesController#home as HTML
Rendered pages/home.html.erb within layouts/mobile (5.3ms)
Completed 200 OK in 6ms (Views: 5.6ms | ActiveRecord: 3.3ms)


Started GET "/search_candies" for 127.0.0.1 at Tue Feb 01 15:03:21 +0800 2011
  Processing by VenuesController#search as HTML
Rendered venues/_trending_venues.html.erb (1.8ms)
Rendered venues/_user_venues.html.erb (22.0ms)
Rendered venues/search.html.erb within layouts/mobile (31.2ms)
Completed 200 OK in 2098ms (Views: 37.0ms | ActiveRecord: 18.7ms)


Started GET "/venues/trending?lat=1.28164541&lng=103.82808756&refresh=1" for 127.0.0.1 at Tue Feb 01 15:03:32 +0800 2011
  Processing by VenuesController#trending as */*
  Parameters: {"refresh"=>"1", "lng"=>"103.82808756", "lat"=>"1.28164541"}
Rendered venues/_trending_venues.html.erb (1.4ms)
Rendered venues/trending.html.erb (105.2ms)
Completed 200 OK in 2611ms (Views: 107.1ms | ActiveRecord: 187.1ms)


Started GET "/users/sign_out" for 127.0.0.1 at Tue Feb 01 15:03:40 +0800 2011
  Processing by Devise::SessionsController#destroy as HTML
Redirected to http://spotcandy.com.localhost:3000/
Completed 302 Found in 4ms


Started GET "/" for 127.0.0.1 at Tue Feb 01 15:03:40 +0800 2011
  Processing by PagesController#home as HTML
Rendered pages/home.html.erb within layouts/mobile (4.7ms)
Completed 200 OK in 6ms (Views: 5.5ms | ActiveRecord: 39.2ms)


Started GET "/users/sign_up" for 127.0.0.1 at Tue Feb 01 15:06:10 +0800 2011
  Processing by RegistrationsController#new as HTML
Rendered users/shared/_links.erb (0.6ms)
Rendered users/registrations/new.html.erb within layouts/mobile (8.1ms)
Completed 200 OK in 9ms (Views: 8.8ms | ActiveRecord: 0.5ms)


Started GET "/auth/foursquare" for 127.0.0.1 at Tue Feb 01 15:06:15 +0800 2011
  Processing by AuthenticationsController#index as HTML
  Parameters: {"provider"=>"foursquare"}
Redirected to https://foursquare.com/oauth2/authorize?response_type=code&client_id=SZRXZ35RWDYOUKV4Y3UHZ2KJD5KWNMCSREQRTUCOECGZMJK5&type=web_server&redirect_uri=http%3A%2F%2Fspotcandy.com.localhost%3A3000%2Fauth%2Ffoursquare%2Fcallback
Completed 302 Found in 1ms


Started GET "/auth/foursquare/callback?code=QGDT2UOTGVLWR1545XLGDHWT1JPLZ4FF4AYCT3QVQ22YFKOM" for 127.0.0.1 at Tue Feb 01 15:06:19 +0800 2011
  Processing by AuthenticationsController#callback as HTML
  Parameters: {"code"=>"QGDT2UOTGVLWR1545XLGDHWT1JPLZ4FF4AYCT3QVQ22YFKOM", "provider"=>"foursquare"}
Redirected to http://spotcandy.com.localhost:3000/users/sign_up
Completed 302 Found in 3692ms


Started GET "/users/sign_up" for 127.0.0.1 at Tue Feb 01 15:06:23 +0800 2011
  Processing by RegistrationsController#new as HTML
Rendered users/shared/_links.erb (0.5ms)
Rendered users/registrations/new.html.erb within layouts/mobile (9.5ms)
Completed 200 OK in 16ms (Views: 10.2ms | ActiveRecord: 26.6ms)


Started POST "/users" for 127.0.0.1 at Tue Feb 01 15:06:28 +0800 2011
  Processing by RegistrationsController#create as HTML
  Parameters: {"commit"=>"Sign up", "authenticity_token"=>"Ih4FYbz9t9j2tN5Arr6VF720BeBK9sXh+nHaSIIX+8U=", "utf8"=>"✓", "user"=>{"password_confirmation"=>"[FILTERED]", "password"=>"[FILTERED]", "email"=>"ngerchuyang@gmail.com"}}
Redirected to http://spotcandy.com.localhost:3000/
Completed 302 Found in 3432ms


Started GET "/" for 127.0.0.1 at Tue Feb 01 15:06:32 +0800 2011
  Processing by PagesController#home as HTML
Rendered pages/home.html.erb within layouts/mobile (5.1ms)
Completed 200 OK in 6ms (Views: 5.5ms | ActiveRecord: 262.8ms)


Started GET "/users/1" for 127.0.0.1 at Tue Feb 01 15:06:35 +0800 2011
  Processing by UsersController#show as HTML
  Parameters: {"id"=>"1"}
Rendered users/show.html.erb within layouts/mobile (4.2ms)
Completed 200 OK in 8ms (Views: 4.9ms | ActiveRecord: 2.8ms)


Started GET "/" for 127.0.0.1 at Tue Feb 01 15:06:36 +0800 2011
  Processing by PagesController#home as HTML
Rendered pages/home.html.erb within layouts/mobile (5.2ms)
Completed 200 OK in 6ms (Views: 5.6ms | ActiveRecord: 2.7ms)


Started GET "/search_candies" for 127.0.0.1 at Tue Feb 01 15:06:38 +0800 2011
  Processing by VenuesController#search as HTML
Rendered venues/_trending_venues.html.erb (1.4ms)
Rendered venues/_user_venues.html.erb (21.5ms)
Rendered venues/search.html.erb within layouts/mobile (26.3ms)
Completed 200 OK in 3187ms (Views: 133.3ms | ActiveRecord: 67.1ms)


Started GET "/users/sign_out" for 127.0.0.1 at Tue Feb 01 15:06:46 +0800 2011
  Processing by Devise::SessionsController#destroy as HTML
Redirected to http://spotcandy.com.localhost:3000/
Completed 302 Found in 4ms


Started GET "/" for 127.0.0.1 at Tue Feb 01 15:06:46 +0800 2011
  Processing by PagesController#home as HTML
Rendered pages/home.html.erb within layouts/mobile (4.4ms)
Completed 200 OK in 6ms (Views: 5.2ms | ActiveRecord: 41.4ms)


Started GET "/users/sign_in" for 127.0.0.1 at Tue Feb 01 15:41:07 +0800 2011
  Processing by Devise::SessionsController#new as HTML
Rendered users/shared/_links.erb (1.8ms)
Rendered users/sessions/new.html.erb within layouts/mobile (17.9ms)
Completed 200 OK in 49ms (Views: 24.0ms | ActiveRecord: 4.0ms)


Started POST "/users/sign_in" for 127.0.0.1 at Tue Feb 01 15:41:30 +0800 2011
  Processing by Devise::SessionsController#create as HTML
  Parameters: {"commit"=>"Sign in", "authenticity_token"=>"Q0EznSMVd3dHjhIqYZx166athj82Kr0yS3ToCNebRfI=", "utf8"=>"✓", "user"=>{"remember_me"=>"0", "password"=>"[FILTERED]", "email"=>"ngerchuyang@gmail.com"}}
Redirected to http://spotcandy.com.localhost:3000/
Completed 302 Found in 71ms


Started GET "/" for 127.0.0.1 at Tue Feb 01 15:41:31 +0800 2011
  Processing by PagesController#home as HTML
Rendered pages/home.html.erb within layouts/mobile (6.4ms)
Completed 200 OK in 12ms (Views: 10.7ms | ActiveRecord: 50.5ms)


Started GET "/users/1" for 127.0.0.1 at Tue Feb 01 15:41:34 +0800 2011
  Processing by UsersController#show as HTML
  Parameters: {"id"=>"1"}
Rendered users/show.html.erb within layouts/mobile (3.9ms)
Completed 200 OK in 12ms (Views: 8.7ms | ActiveRecord: 3.4ms)


Started GET "/auth/foursquare" for 127.0.0.1 at Tue Feb 01 15:41:36 +0800 2011
  Processing by AuthenticationsController#index as HTML
  Parameters: {"provider"=>"foursquare"}
Redirected to https://foursquare.com/oauth2/authorize?response_type=code&client_id=SZRXZ35RWDYOUKV4Y3UHZ2KJD5KWNMCSREQRTUCOECGZMJK5&type=web_server&redirect_uri=http%3A%2F%2Fspotcandy.com.localhost%3A3000%2Fauth%2Ffoursquare%2Fcallback
Completed 302 Found in 4ms


Started GET "/auth/foursquare/callback?error=redirect_uri_mismatch" for 127.0.0.1 at Tue Feb 01 15:41:37 +0800 2011
  Processing by AuthenticationsController#callback as HTML
  Parameters: {"error"=>"redirect_uri_mismatch", "provider"=>"foursquare"}
Redirected to http://spotcandy.com.localhost:3000/users/sign_in
Completed 302 Found in 1ms


Started GET "/users/sign_in" for 127.0.0.1 at Tue Feb 01 15:41:37 +0800 2011
  Processing by Devise::SessionsController#new as HTML
Redirected to http://spotcandy.com.localhost:3000/
Completed 302 Found in 4ms


Started GET "/" for 127.0.0.1 at Tue Feb 01 15:41:38 +0800 2011
  Processing by PagesController#home as HTML
Rendered pages/home.html.erb within layouts/mobile (5.2ms)
Completed 200 OK in 6ms (Views: 5.6ms | ActiveRecord: 7.1ms)


Started GET "/users/1" for 127.0.0.1 at Tue Feb 01 15:41:53 +0800 2011
  Processing by UsersController#show as HTML
  Parameters: {"id"=>"1"}
Rendered users/show.html.erb within layouts/mobile (3.1ms)
Completed 200 OK in 8ms (Views: 3.9ms | ActiveRecord: 1.3ms)


Started GET "/auth/foursquare" for 127.0.0.1 at Tue Feb 01 15:41:55 +0800 2011
  Processing by AuthenticationsController#index as HTML
  Parameters: {"provider"=>"foursquare"}
Redirected to https://foursquare.com/oauth2/authorize?response_type=code&client_id=SZRXZ35RWDYOUKV4Y3UHZ2KJD5KWNMCSREQRTUCOECGZMJK5&type=web_server&redirect_uri=http%3A%2F%2Fspotcandy.com.localhost%3A3000%2Fauth%2Ffoursquare%2Fcallback
Completed 302 Found in 1ms


Started GET "/auth/foursquare/callback?error=redirect_uri_mismatch" for 127.0.0.1 at Tue Feb 01 15:41:56 +0800 2011
  Processing by AuthenticationsController#callback as HTML
  Parameters: {"error"=>"redirect_uri_mismatch", "provider"=>"foursquare"}
Redirected to http://spotcandy.com.localhost:3000/users/sign_in
Completed 302 Found in 1ms


Started GET "/users/sign_in" for 127.0.0.1 at Tue Feb 01 15:41:56 +0800 2011
  Processing by Devise::SessionsController#new as HTML
Redirected to http://spotcandy.com.localhost:3000/
Completed 302 Found in 4ms


Started GET "/" for 127.0.0.1 at Tue Feb 01 15:41:56 +0800 2011
  Processing by PagesController#home as HTML
Rendered pages/home.html.erb within layouts/mobile (5.1ms)
Completed 200 OK in 6ms (Views: 5.4ms | ActiveRecord: 4.5ms)


Started GET "/users/1" for 127.0.0.1 at Tue Feb 01 15:42:17 +0800 2011
  Processing by UsersController#show as HTML
  Parameters: {"id"=>"1"}
Rendered users/show.html.erb within layouts/mobile (3.6ms)
Completed 200 OK in 8ms (Views: 4.3ms | ActiveRecord: 1.4ms)


Started GET "/auth/foursquare" for 127.0.0.1 at Tue Feb 01 15:42:19 +0800 2011
  Processing by AuthenticationsController#index as HTML
  Parameters: {"provider"=>"foursquare"}
Redirected to https://foursquare.com/oauth2/authorize?response_type=code&client_id=SZRXZ35RWDYOUKV4Y3UHZ2KJD5KWNMCSREQRTUCOECGZMJK5&type=web_server&redirect_uri=http%3A%2F%2Fspotcandy.com.localhost%3A3000%2Fauth%2Ffoursquare%2Fcallback
Completed 302 Found in 1ms


Started GET "/auth/foursquare/callback?code=VKEMWW34ODXQB4TBJBU5RIUGJORKHCFJSFT0M1LJREIWPXE0" for 127.0.0.1 at Tue Feb 01 15:42:23 +0800 2011
  Processing by AuthenticationsController#callback as HTML
  Parameters: {"code"=>"VKEMWW34ODXQB4TBJBU5RIUGJORKHCFJSFT0M1LJREIWPXE0", "provider"=>"foursquare"}
Redirected to http://spotcandy.com.localhost:3000/
Completed 302 Found in 4168ms


Started GET "/" for 127.0.0.1 at Tue Feb 01 15:42:27 +0800 2011
  Processing by PagesController#home as HTML
Rendered pages/home.html.erb within layouts/mobile (5.2ms)
Completed 200 OK in 6ms (Views: 5.5ms | ActiveRecord: 51.8ms)


Started GET "/users/sign_out" for 127.0.0.1 at Tue Feb 01 15:44:20 +0800 2011
  Processing by Devise::SessionsController#destroy as HTML
Redirected to http://spotcandy.com.localhost:3000/
Completed 302 Found in 4ms


Started GET "/" for 127.0.0.1 at Tue Feb 01 15:44:20 +0800 2011
  Processing by PagesController#home as HTML
Rendered pages/home.html.erb within layouts/mobile (4.5ms)
Completed 200 OK in 6ms (Views: 5.3ms | ActiveRecord: 42.1ms)


Started GET "/users/sign_in" for 127.0.0.1 at Tue Feb 01 15:44:22 +0800 2011
  Processing by Devise::SessionsController#new as HTML
Rendered users/shared/_links.erb (0.5ms)
Rendered users/sessions/new.html.erb within layouts/mobile (7.9ms)
Completed 200 OK in 9ms (Views: 8.6ms | ActiveRecord: 2.9ms)


Started POST "/users/sign_in" for 127.0.0.1 at Tue Feb 01 15:44:29 +0800 2011
  Processing by Devise::SessionsController#create as HTML
  Parameters: {"commit"=>"Sign in", "authenticity_token"=>"dx8wIWqx5gLI8wIV+t9jibRUUIJP0QnMFud1r7mVG+8=", "utf8"=>"✓", "user"=>{"remember_me"=>"0", "password"=>"[FILTERED]", "email"=>"ngerchuyang@gmail.com"}}
Redirected to http://spotcandy.com.localhost:3000/
Completed 302 Found in 53ms


Started GET "/" for 127.0.0.1 at Tue Feb 01 15:44:29 +0800 2011
  Processing by PagesController#home as HTML
Rendered pages/home.html.erb within layouts/mobile (5.2ms)
Completed 200 OK in 6ms (Views: 5.4ms | ActiveRecord: 46.5ms)


Started GET "/users/1" for 127.0.0.1 at Tue Feb 01 15:44:30 +0800 2011
  Processing by UsersController#show as HTML
  Parameters: {"id"=>"1"}
Rendered users/show.html.erb within layouts/mobile (3.0ms)
Completed 200 OK in 7ms (Views: 3.7ms | ActiveRecord: 2.8ms)


Started GET "/auth/foursquare" for 127.0.0.1 at Tue Feb 01 15:44:32 +0800 2011
  Processing by AuthenticationsController#index as HTML
  Parameters: {"provider"=>"foursquare"}
Redirected to https://foursquare.com/oauth2/authorize?response_type=code&client_id=SZRXZ35RWDYOUKV4Y3UHZ2KJD5KWNMCSREQRTUCOECGZMJK5&type=web_server&redirect_uri=http%3A%2F%2Fspotcandy.com.localhost%3A3000%2Fauth%2Ffoursquare%2Fcallback
Completed 302 Found in 1ms


Started GET "/auth/foursquare/callback?code=VJNDWASXVPASJCX1KHAKPY5UUH45H15LJZUJ30UX3YQF5KGV" for 127.0.0.1 at Tue Feb 01 15:44:36 +0800 2011
  Processing by AuthenticationsController#callback as HTML
  Parameters: {"code"=>"VJNDWASXVPASJCX1KHAKPY5UUH45H15LJZUJ30UX3YQF5KGV", "provider"=>"foursquare"}
Redirected to http://spotcandy.com.localhost:3000/
Completed 302 Found in 3803ms


Started GET "/" for 127.0.0.1 at Tue Feb 01 15:44:40 +0800 2011
  Processing by PagesController#home as HTML
Rendered pages/home.html.erb within layouts/mobile (6.9ms)
Completed 200 OK in 8ms (Views: 7.3ms | ActiveRecord: 48.4ms)


Started GET "/users/1" for 127.0.0.1 at Tue Feb 01 15:45:42 +0800 2011
  Processing by UsersController#show as HTML
  Parameters: {"id"=>"1"}
Rendered users/show.html.erb within layouts/mobile (3.5ms)
Completed 200 OK in 7ms (Views: 4.2ms | ActiveRecord: 0.9ms)


Started GET "/auth/foursquare" for 127.0.0.1 at Tue Feb 01 15:45:44 +0800 2011
  Processing by AuthenticationsController#index as HTML
  Parameters: {"provider"=>"foursquare"}
Redirected to https://foursquare.com/oauth2/authorize?response_type=code&client_id=SZRXZ35RWDYOUKV4Y3UHZ2KJD5KWNMCSREQRTUCOECGZMJK5&type=web_server&redirect_uri=http%3A%2F%2Fspotcandy.com.localhost%3A3000%2Fauth%2Ffoursquare%2Fcallback
Completed 302 Found in 1ms


Started GET "/auth/foursquare/callback?code=RFPCHHYPK52U1WZMAPD1HKZBNUN54MEAUVEDQEWXF4MO0BZN" for 127.0.0.1 at Tue Feb 01 15:45:50 +0800 2011
  Processing by AuthenticationsController#callback as HTML
  Parameters: {"code"=>"RFPCHHYPK52U1WZMAPD1HKZBNUN54MEAUVEDQEWXF4MO0BZN", "provider"=>"foursquare"}
Redirected to http://spotcandy.com.localhost:3000/
Completed 302 Found in 4313ms


Started GET "/" for 127.0.0.1 at Tue Feb 01 15:45:55 +0800 2011
  Processing by PagesController#home as HTML
Rendered pages/home.html.erb within layouts/mobile (5.8ms)
Completed 200 OK in 7ms (Views: 6.0ms | ActiveRecord: 49.3ms)


Started GET "/users/sign_out" for 127.0.0.1 at Tue Feb 01 15:46:12 +0800 2011
  Processing by Devise::SessionsController#destroy as HTML
Redirected to http://spotcandy.com.localhost:3000/
Completed 302 Found in 4ms


Started GET "/" for 127.0.0.1 at Tue Feb 01 15:46:12 +0800 2011
  Processing by PagesController#home as HTML
Rendered pages/home.html.erb within layouts/mobile (4.4ms)
Completed 200 OK in 5ms (Views: 5.1ms | ActiveRecord: 47.0ms)


Started GET "/users/sign_in" for 127.0.0.1 at Tue Feb 01 15:46:15 +0800 2011
  Processing by Devise::SessionsController#new as HTML
Rendered users/shared/_links.erb (0.4ms)
Rendered users/sessions/new.html.erb within layouts/mobile (7.4ms)
Completed 200 OK in 9ms (Views: 8.0ms | ActiveRecord: 2.1ms)


Started POST "/users/sign_in" for 127.0.0.1 at Tue Feb 01 15:46:23 +0800 2011
  Processing by Devise::SessionsController#create as HTML
  Parameters: {"commit"=>"Sign in", "authenticity_token"=>"hpvtpGrKZ85I5838vL6n/nvdoqLiNGkLt89jSN/UEJQ=", "utf8"=>"✓", "user"=>{"remember_me"=>"0", "password"=>"[FILTERED]", "email"=>"ngerchuyang@gmail.com"}}
Redirected to http://spotcandy.com.localhost:3000/
Completed 302 Found in 12ms


Started GET "/" for 127.0.0.1 at Tue Feb 01 15:46:23 +0800 2011
  Processing by PagesController#home as HTML
Rendered pages/home.html.erb within layouts/mobile (6.0ms)
Completed 200 OK in 7ms (Views: 6.7ms | ActiveRecord: 6.1ms)


Started GET "/users/1" for 127.0.0.1 at Tue Feb 01 15:46:24 +0800 2011
  Processing by UsersController#show as HTML
  Parameters: {"id"=>"1"}
Rendered users/show.html.erb within layouts/mobile (3.1ms)
Completed 200 OK in 7ms (Views: 3.7ms | ActiveRecord: 3.0ms)


Started GET "/auth/foursquare" for 127.0.0.1 at Tue Feb 01 15:46:25 +0800 2011
  Processing by AuthenticationsController#index as HTML
  Parameters: {"provider"=>"foursquare"}
Redirected to https://foursquare.com/oauth2/authorize?response_type=code&client_id=SZRXZ35RWDYOUKV4Y3UHZ2KJD5KWNMCSREQRTUCOECGZMJK5&type=web_server&redirect_uri=http%3A%2F%2Fspotcandy.com.localhost%3A3000%2Fauth%2Ffoursquare%2Fcallback
Completed 302 Found in 1ms


Started GET "/auth/foursquare/callback?code=CCOUJQMXLXG5COWFGTUNLU3ISMJVHDMDCUU2P5FP4L1XWEB4" for 127.0.0.1 at Tue Feb 01 15:46:29 +0800 2011
  Processing by AuthenticationsController#callback as HTML
  Parameters: {"code"=>"CCOUJQMXLXG5COWFGTUNLU3ISMJVHDMDCUU2P5FP4L1XWEB4", "provider"=>"foursquare"}
Redirected to http://spotcandy.com.localhost:3000/
Completed 302 Found in 3771ms


Started GET "/" for 127.0.0.1 at Tue Feb 01 15:46:33 +0800 2011
  Processing by PagesController#home as HTML
Rendered pages/home.html.erb within layouts/mobile (6.7ms)
Completed 200 OK in 8ms (Views: 7.1ms | ActiveRecord: 48.5ms)


Started GET "/users/1" for 127.0.0.1 at Tue Feb 01 15:48:22 +0800 2011
  Processing by UsersController#show as HTML
  Parameters: {"id"=>"1"}
Rendered users/show.html.erb within layouts/mobile (3.2ms)
Completed 200 OK in 99ms (Views: 95.6ms | ActiveRecord: 1.2ms)


Started GET "/auth/foursquare" for 127.0.0.1 at Tue Feb 01 15:48:23 +0800 2011
  Processing by AuthenticationsController#index as HTML
  Parameters: {"provider"=>"foursquare"}
Redirected to https://foursquare.com/oauth2/authorize?response_type=code&client_id=SZRXZ35RWDYOUKV4Y3UHZ2KJD5KWNMCSREQRTUCOECGZMJK5&type=web_server&redirect_uri=http%3A%2F%2Fspotcandy.com.localhost%3A3000%2Fauth%2Ffoursquare%2Fcallback
Completed 302 Found in 1ms


Started GET "/auth/foursquare/callback?code=PCOSLXAMGVPOYUUTBQZQKAHHESUR3YWAZWXTQRYN144AIGX4" for 127.0.0.1 at Tue Feb 01 15:48:28 +0800 2011
  Processing by AuthenticationsController#callback as HTML
  Parameters: {"code"=>"PCOSLXAMGVPOYUUTBQZQKAHHESUR3YWAZWXTQRYN144AIGX4", "provider"=>"foursquare"}
Redirected to http://spotcandy.com.localhost:3000/
Completed 302 Found in 4007ms


Started GET "/" for 127.0.0.1 at Tue Feb 01 15:48:32 +0800 2011
  Processing by PagesController#home as HTML
Rendered pages/home.html.erb within layouts/mobile (5.5ms)
Completed 200 OK in 7ms (Views: 5.8ms | ActiveRecord: 44.1ms)


Started GET "/users/1" for 127.0.0.1 at Tue Feb 01 15:53:11 +0800 2011
  Processing by UsersController#show as HTML
  Parameters: {"id"=>"1"}
Rendered users/show.html.erb within layouts/mobile (3.2ms)
Completed 200 OK in 7ms (Views: 3.9ms | ActiveRecord: 1.1ms)


Started GET "/auth/foursquare" for 127.0.0.1 at Tue Feb 01 15:53:13 +0800 2011
  Processing by AuthenticationsController#index as HTML
  Parameters: {"provider"=>"foursquare"}
Redirected to https://foursquare.com/oauth2/authorize?response_type=code&client_id=SZRXZ35RWDYOUKV4Y3UHZ2KJD5KWNMCSREQRTUCOECGZMJK5&type=web_server&redirect_uri=http%3A%2F%2Fspotcandy.com.localhost%3A3000%2Fauth%2Ffoursquare%2Fcallback
Completed 302 Found in 1ms


Started GET "/auth/foursquare/callback?code=E3TAK13C2F1EVFECRSGBTYBD2I23HOVH5ZTX5IUKAASOFQ4L" for 127.0.0.1 at Tue Feb 01 15:53:17 +0800 2011
  Processing by AuthenticationsController#callback as HTML
  Parameters: {"code"=>"E3TAK13C2F1EVFECRSGBTYBD2I23HOVH5ZTX5IUKAASOFQ4L", "provider"=>"foursquare"}
Redirected to http://spotcandy.com.localhost:3000/
Completed 302 Found in 3984ms


Started GET "/" for 127.0.0.1 at Tue Feb 01 15:53:21 +0800 2011
  Processing by PagesController#home as HTML
Rendered pages/home.html.erb within layouts/mobile (5.5ms)
Completed 200 OK in 6ms (Views: 5.7ms | ActiveRecord: 83.9ms)


Started GET "/users/1" for 127.0.0.1 at Tue Feb 01 15:54:09 +0800 2011
  Processing by UsersController#show as HTML
  Parameters: {"id"=>"1"}
Rendered users/show.html.erb within layouts/mobile (3.1ms)
Completed 200 OK in 8ms (Views: 3.9ms | ActiveRecord: 1.2ms)


Started GET "/users/1" for 127.0.0.1 at Tue Feb 01 15:54:12 +0800 2011
  Processing by UsersController#show as HTML
  Parameters: {"id"=>"1"}
Rendered users/show.html.erb within layouts/mobile (3.2ms)
Completed 200 OK in 101ms (Views: 3.9ms | ActiveRecord: 1.5ms)


Started GET "/auth/foursquare" for 127.0.0.1 at Tue Feb 01 15:54:13 +0800 2011
  Processing by AuthenticationsController#index as HTML
  Parameters: {"provider"=>"foursquare"}
Redirected to https://foursquare.com/oauth2/authorize?response_type=code&client_id=SZRXZ35RWDYOUKV4Y3UHZ2KJD5KWNMCSREQRTUCOECGZMJK5&type=web_server&redirect_uri=http%3A%2F%2Fspotcandy.com.localhost%3A3000%2Fauth%2Ffoursquare%2Fcallback
Completed 302 Found in 1ms


Started GET "/auth/foursquare/callback?code=FH5TBEHEHBDBWA34ETIO14F5IL4U5I2V1N0ISVR4B24FTAEQ" for 127.0.0.1 at Tue Feb 01 15:54:18 +0800 2011
  Processing by AuthenticationsController#callback as HTML
  Parameters: {"code"=>"FH5TBEHEHBDBWA34ETIO14F5IL4U5I2V1N0ISVR4B24FTAEQ", "provider"=>"foursquare"}
Redirected to http://spotcandy.com.localhost:3000/
Completed 302 Found in 3735ms


Started GET "/" for 127.0.0.1 at Tue Feb 01 15:54:21 +0800 2011
  Processing by PagesController#home as HTML
Rendered pages/home.html.erb within layouts/mobile (5.7ms)
Completed 200 OK in 7ms (Views: 6.0ms | ActiveRecord: 51.9ms)


Started GET "/search_candies" for 127.0.0.1 at Tue Feb 01 15:54:24 +0800 2011
  Processing by VenuesController#search as HTML
Rendered venues/_trending_venues.html.erb (0.6ms)
Rendered venues/_user_venues.html.erb (0.6ms)
Rendered venues/search.html.erb within layouts/mobile (7.8ms)
Completed 200 OK in 2173ms (Views: 12.6ms | ActiveRecord: 52.8ms)


Started GET "/" for 127.0.0.1 at Tue Feb 01 15:56:40 +0800 2011
  Processing by PagesController#home as HTML
Rendered pages/home.html.erb within layouts/mobile (5.5ms)
Completed 200 OK in 6ms (Views: 5.8ms | ActiveRecord: 0.8ms)


Started GET "/users/1" for 127.0.0.1 at Tue Feb 01 15:56:41 +0800 2011
  Processing by UsersController#show as HTML
  Parameters: {"id"=>"1"}
Rendered users/show.html.erb within layouts/mobile (4.1ms)
Completed 200 OK in 9ms (Views: 5.3ms | ActiveRecord: 1.7ms)


Started GET "/auth/foursquare" for 127.0.0.1 at Tue Feb 01 15:56:42 +0800 2011
  Processing by AuthenticationsController#index as HTML
  Parameters: {"provider"=>"foursquare"}
Redirected to https://foursquare.com/oauth2/authorize?response_type=code&client_id=SZRXZ35RWDYOUKV4Y3UHZ2KJD5KWNMCSREQRTUCOECGZMJK5&type=web_server&redirect_uri=http%3A%2F%2Fspotcandy.com.localhost%3A3000%2Fauth%2Ffoursquare%2Fcallback
Completed 302 Found in 1ms


Started GET "/auth/foursquare/callback?code=EL4MDF2XR4CVUFCYIXDIJWPQ4ZQLJNJQOYFWFXC3FSGGBVXM" for 127.0.0.1 at Tue Feb 01 15:56:47 +0800 2011
  Processing by AuthenticationsController#callback as HTML
  Parameters: {"code"=>"EL4MDF2XR4CVUFCYIXDIJWPQ4ZQLJNJQOYFWFXC3FSGGBVXM", "provider"=>"foursquare"}
Redirected to http://spotcandy.com.localhost:3000/
Completed 302 Found in 3992ms


Started GET "/" for 127.0.0.1 at Tue Feb 01 15:56:51 +0800 2011
  Processing by PagesController#home as HTML
Rendered pages/home.html.erb within layouts/mobile (6.1ms)
Completed 200 OK in 7ms (Views: 6.4ms | ActiveRecord: 47.0ms)


Started GET "/users/1" for 127.0.0.1 at Tue Feb 01 15:58:58 +0800 2011
  Processing by UsersController#show as HTML
  Parameters: {"id"=>"1"}
Rendered users/show.html.erb within layouts/mobile (3.7ms)
Completed 200 OK in 8ms (Views: 4.3ms | ActiveRecord: 1.3ms)


Started GET "/search_candies" for 127.0.0.1 at Tue Feb 01 15:59:00 +0800 2011
  Processing by VenuesController#search as HTML
Rendered venues/_trending_venues.html.erb (0.1ms)
Rendered venues/_user_venues.html.erb (0.1ms)
Rendered venues/search.html.erb within layouts/mobile (3.2ms)
Completed 200 OK in 2058ms (Views: 3.9ms | ActiveRecord: 4.0ms)


Started GET "/search_candies" for 127.0.0.1 at Tue Feb 01 15:59:36 +0800 2011
  Processing by VenuesController#search as HTML
Rendered venues/_trending_venues.html.erb (0.1ms)
Rendered venues/_user_venues.html.erb (0.1ms)
Rendered venues/search.html.erb within layouts/mobile (3.3ms)
Completed 200 OK in 2274ms (Views: 4.0ms | ActiveRecord: 2.1ms)


Started GET "/search_candies" for 127.0.0.1 at Tue Feb 01 16:00:01 +0800 2011
  Processing by VenuesController#search as HTML
Rendered venues/_trending_venues.html.erb (0.1ms)
Rendered venues/_user_venues.html.erb (0.1ms)
Rendered venues/search.html.erb within layouts/mobile (3.3ms)
Completed 200 OK in 2314ms (Views: 3.9ms | ActiveRecord: 1.8ms)


Started GET "/search_candies" for 127.0.0.1 at Tue Feb 01 16:00:23 +0800 2011
  Processing by VenuesController#search as HTML
Rendered venues/_trending_venues.html.erb (0.1ms)
Rendered venues/_user_venues.html.erb (0.1ms)
Rendered venues/search.html.erb within layouts/mobile (98.4ms)
Completed 200 OK in 2330ms (Views: 99.1ms | ActiveRecord: 2.3ms)


Started GET "/search_candies" for 127.0.0.1 at Tue Feb 01 16:00:53 +0800 2011
  Processing by VenuesController#search as HTML
Rendered venues/_trending_venues.html.erb (0.6ms)
Rendered venues/_user_venues.html.erb (0.6ms)
Rendered venues/search.html.erb within layouts/mobile (8.7ms)
Completed 200 OK in 2503ms (Views: 15.5ms | ActiveRecord: 3.5ms)


Started GET "/search_candies" for 127.0.0.1 at Tue Feb 01 16:01:27 +0800 2011
  Processing by VenuesController#search as HTML
Rendered venues/_trending_venues.html.erb (0.1ms)
Rendered venues/_user_venues.html.erb (0.1ms)
Rendered venues/search.html.erb within layouts/mobile (3.2ms)
Completed 200 OK in 2446ms (Views: 3.9ms | ActiveRecord: 2.1ms)
